2021-09-14 15:21:22,908 INFO  [main] test.com.axisoft.collect.service.impl.ExcelGeneratorServiceImplTest : Starting ExcelGeneratorServiceImplTest on Z-01P-00-0143 with PID 5820 (started by FaryHuo in C:\Users\faryhuo\Desktop\template\CollectHtmlData2Excel)
2021-09-14 15:21:22,912 INFO  [main] test.com.axisoft.collect.service.impl.ExcelGeneratorServiceImplTest : No active profile set, falling back to default profiles: default
2021-09-14 15:21:26,172 INFO  [main] org.springframework.scheduling.concurrent.ThreadPoolTaskExecutor : Initializing ExecutorService 'applicationTaskExecutor'
2021-09-14 15:21:26,340 INFO  [main] org.springframework.boot.autoconfigure.web.servlet.WelcomePageHandlerMapping : Adding welcome page: class path resource [static/index.html]
2021-09-14 15:21:26,816 INFO  [main] test.com.axisoft.collect.service.impl.ExcelGeneratorServiceImplTest : Started ExcelGeneratorServiceImplTest in 5.073 seconds (JVM running for 7.294)
2021-09-14 15:21:56,928 INFO  [SpringContextShutdownHook] org.springframework.scheduling.concurrent.ThreadPoolTaskExecutor : Shutting down ExecutorService 'applicationTaskExecutor'
2021-09-14 15:30:25,992 INFO  [main] test.com.axisoft.collect.service.impl.ExcelGeneratorServiceImplTest : Starting ExcelGeneratorServiceImplTest on Z-01P-00-0143 with PID 3968 (started by FaryHuo in C:\Users\faryhuo\Desktop\template\CollectHtmlData2Excel)
2021-09-14 15:30:25,992 INFO  [main] test.com.axisoft.collect.service.impl.ExcelGeneratorServiceImplTest : No active profile set, falling back to default profiles: default
2021-09-14 15:30:28,827 INFO  [main] org.springframework.scheduling.concurrent.ThreadPoolTaskExecutor : Initializing ExecutorService 'applicationTaskExecutor'
2021-09-14 15:30:29,017 INFO  [main] org.springframework.boot.autoconfigure.web.servlet.WelcomePageHandlerMapping : Adding welcome page: class path resource [static/index.html]
2021-09-14 15:30:29,434 INFO  [main] test.com.axisoft.collect.service.impl.ExcelGeneratorServiceImplTest : Started ExcelGeneratorServiceImplTest in 4.309 seconds (JVM running for 6.954)
2021-09-14 15:30:56,913 INFO  [SpringContextShutdownHook] org.springframework.scheduling.concurrent.ThreadPoolTaskExecutor : Shutting down ExecutorService 'applicationTaskExecutor'
2021-09-14 16:47:01,847 INFO  [main] test.com.axisoft.collect.service.impl.ExcelGeneratorServiceImplTest : Starting ExcelGeneratorServiceImplTest on Z-01P-00-0143 with PID 4752 (started by FaryHuo in C:\Users\faryhuo\Desktop\template\CollectHtmlData2Excel)
2021-09-14 16:47:01,863 INFO  [main] test.com.axisoft.collect.service.impl.ExcelGeneratorServiceImplTest : No active profile set, falling back to default profiles: default
2021-09-14 16:47:07,492 INFO  [main] org.springframework.scheduling.concurrent.ThreadPoolTaskExecutor : Initializing ExecutorService 'applicationTaskExecutor'
2021-09-14 16:47:07,777 INFO  [main] org.springframework.boot.autoconfigure.web.servlet.WelcomePageHandlerMapping : Adding welcome page: class path resource [static/index.html]
2021-09-14 16:47:08,732 INFO  [main] test.com.axisoft.collect.service.impl.ExcelGeneratorServiceImplTest : Started ExcelGeneratorServiceImplTest in 8.064 seconds (JVM running for 10.897)
2021-09-14 16:47:14,678 INFO  [SpringContextShutdownHook] org.springframework.scheduling.concurrent.ThreadPoolTaskExecutor : Shutting down ExecutorService 'applicationTaskExecutor'
2021-09-14 16:48:20,658 INFO  [main] test.com.axisoft.collect.service.impl.ExcelGeneratorServiceImplTest : Starting ExcelGeneratorServiceImplTest on Z-01P-00-0143 with PID 11052 (started by FaryHuo in C:\Users\faryhuo\Desktop\template\CollectHtmlData2Excel)
2021-09-14 16:48:20,658 INFO  [main] test.com.axisoft.collect.service.impl.ExcelGeneratorServiceImplTest : No active profile set, falling back to default profiles: default
2021-09-14 16:48:23,514 INFO  [main] org.springframework.scheduling.concurrent.ThreadPoolTaskExecutor : Initializing ExecutorService 'applicationTaskExecutor'
2021-09-14 16:48:23,691 INFO  [main] org.springframework.boot.autoconfigure.web.servlet.WelcomePageHandlerMapping : Adding welcome page: class path resource [static/index.html]
2021-09-14 16:48:24,097 INFO  [main] test.com.axisoft.collect.service.impl.ExcelGeneratorServiceImplTest : Started ExcelGeneratorServiceImplTest in 4.329 seconds (JVM running for 6.608)
2021-09-14 16:48:45,204 INFO  [SpringContextShutdownHook] org.springframework.scheduling.concurrent.ThreadPoolTaskExecutor : Shutting down ExecutorService 'applicationTaskExecutor'
2021-09-14 16:51:32,929 INFO  [main] test.com.axisoft.collect.service.impl.ExcelGeneratorServiceImplTest : Starting ExcelGeneratorServiceImplTest on Z-01P-00-0143 with PID 14832 (started by FaryHuo in C:\Users\faryhuo\Desktop\template\CollectHtmlData2Excel)
2021-09-14 16:51:32,929 INFO  [main] test.com.axisoft.collect.service.impl.ExcelGeneratorServiceImplTest : No active profile set, falling back to default profiles: default
2021-09-14 16:51:35,470 INFO  [main] org.springframework.scheduling.concurrent.ThreadPoolTaskExecutor : Initializing ExecutorService 'applicationTaskExecutor'
2021-09-14 16:51:35,673 INFO  [main] org.springframework.boot.autoconfigure.web.servlet.WelcomePageHandlerMapping : Adding welcome page: class path resource [static/index.html]
2021-09-14 16:51:36,032 INFO  [main] test.com.axisoft.collect.service.impl.ExcelGeneratorServiceImplTest : Started ExcelGeneratorServiceImplTest in 3.954 seconds (JVM running for 6.466)
2021-09-14 16:51:57,058 INFO  [SpringContextShutdownHook] org.springframework.scheduling.concurrent.ThreadPoolTaskExecutor : Shutting down ExecutorService 'applicationTaskExecutor'
2021-09-14 16:52:25,360 INFO  [main] test.com.axisoft.collect.service.impl.ExcelGeneratorServiceImplTest : Starting ExcelGeneratorServiceImplTest on Z-01P-00-0143 with PID 7288 (started by FaryHuo in C:\Users\faryhuo\Desktop\template\CollectHtmlData2Excel)
2021-09-14 16:52:25,360 INFO  [main] test.com.axisoft.collect.service.impl.ExcelGeneratorServiceImplTest : No active profile set, falling back to default profiles: default
2021-09-14 16:52:28,297 INFO  [main] org.springframework.scheduling.concurrent.ThreadPoolTaskExecutor : Initializing ExecutorService 'applicationTaskExecutor'
2021-09-14 16:52:28,483 INFO  [main] org.springframework.boot.autoconfigure.web.servlet.WelcomePageHandlerMapping : Adding welcome page: class path resource [static/index.html]
2021-09-14 16:52:28,857 INFO  [main] test.com.axisoft.collect.service.impl.ExcelGeneratorServiceImplTest : Started ExcelGeneratorServiceImplTest in 4.355 seconds (JVM running for 6.572)
2021-09-14 16:54:48,372 INFO  [main] test.com.axisoft.collect.service.impl.ExcelGeneratorServiceImplTest : Starting ExcelGeneratorServiceImplTest on Z-01P-00-0143 with PID 8548 (started by FaryHuo in C:\Users\faryhuo\Desktop\template\CollectHtmlData2Excel)
2021-09-14 16:54:48,372 INFO  [main] test.com.axisoft.collect.service.impl.ExcelGeneratorServiceImplTest : No active profile set, falling back to default profiles: default
2021-09-14 16:54:51,115 INFO  [main] org.springframework.scheduling.concurrent.ThreadPoolTaskExecutor : Initializing ExecutorService 'applicationTaskExecutor'
2021-09-14 16:54:51,288 INFO  [main] org.springframework.boot.autoconfigure.web.servlet.WelcomePageHandlerMapping : Adding welcome page: class path resource [static/index.html]
2021-09-14 16:54:51,811 INFO  [main] test.com.axisoft.collect.service.impl.ExcelGeneratorServiceImplTest : Started ExcelGeneratorServiceImplTest in 4.272 seconds (JVM running for 6.475)
2021-09-14 16:55:24,687 INFO  [SpringContextShutdownHook] org.springframework.scheduling.concurrent.ThreadPoolTaskExecutor : Shutting down ExecutorService 'applicationTaskExecutor'
2021-09-14 16:59:39,650 INFO  [main] test.com.axisoft.collect.service.impl.ExcelGeneratorServiceImplTest : Starting ExcelGeneratorServiceImplTest on Z-01P-00-0143 with PID 7128 (started by FaryHuo in C:\Users\faryhuo\Desktop\template\CollectHtmlData2Excel)
2021-09-14 16:59:39,650 INFO  [main] test.com.axisoft.collect.service.impl.ExcelGeneratorServiceImplTest : No active profile set, falling back to default profiles: default
2021-09-14 16:59:42,340 INFO  [main] org.springframework.scheduling.concurrent.ThreadPoolTaskExecutor : Initializing ExecutorService 'applicationTaskExecutor'
2021-09-14 16:59:42,494 INFO  [main] org.springframework.boot.autoconfigure.web.servlet.WelcomePageHandlerMapping : Adding welcome page: class path resource [static/index.html]
2021-09-14 16:59:42,826 INFO  [main] test.com.axisoft.collect.service.impl.ExcelGeneratorServiceImplTest : Started ExcelGeneratorServiceImplTest in 3.964 seconds (JVM running for 6.075)
2021-09-14 16:59:49,882 INFO  [SpringContextShutdownHook] org.springframework.scheduling.concurrent.ThreadPoolTaskExecutor : Shutting down ExecutorService 'applicationTaskExecutor'
2021-09-14 17:09:48,118 INFO  [main] test.com.axisoft.collect.service.impl.ExcelGeneratorServiceImplTest : Starting ExcelGeneratorServiceImplTest on Z-01P-00-0143 with PID 3500 (started by FaryHuo in C:\Users\faryhuo\Desktop\template\CollectHtmlData2Excel)
2021-09-14 17:09:48,133 INFO  [main] test.com.axisoft.collect.service.impl.ExcelGeneratorServiceImplTest : No active profile set, falling back to default profiles: default
2021-09-14 17:09:50,783 INFO  [main] org.springframework.scheduling.concurrent.ThreadPoolTaskExecutor : Initializing ExecutorService 'applicationTaskExecutor'
2021-09-14 17:09:50,982 INFO  [main] org.springframework.boot.autoconfigure.web.servlet.WelcomePageHandlerMapping : Adding welcome page: class path resource [static/index.html]
2021-09-14 17:09:51,284 INFO  [main] test.com.axisoft.collect.service.impl.ExcelGeneratorServiceImplTest : Started ExcelGeneratorServiceImplTest in 4.022 seconds (JVM running for 6.314)
2021-09-14 17:10:16,388 INFO  [SpringContextShutdownHook] org.springframework.scheduling.concurrent.ThreadPoolTaskExecutor : Shutting down ExecutorService 'applicationTaskExecutor'
2021-09-14 17:11:55,853 INFO  [main] test.com.axisoft.collect.service.impl.ExcelGeneratorServiceImplTest : Starting ExcelGeneratorServiceImplTest on Z-01P-00-0143 with PID 13572 (started by FaryHuo in C:\Users\faryhuo\Desktop\template\CollectHtmlData2Excel)
2021-09-14 17:11:55,853 INFO  [main] test.com.axisoft.collect.service.impl.ExcelGeneratorServiceImplTest : No active profile set, falling back to default profiles: default
2021-09-14 17:11:58,177 INFO  [main] org.springframework.scheduling.concurrent.ThreadPoolTaskExecutor : Initializing ExecutorService 'applicationTaskExecutor'
2021-09-14 17:11:58,315 INFO  [main] org.springframework.boot.autoconfigure.web.servlet.WelcomePageHandlerMapping : Adding welcome page: class path resource [static/index.html]
2021-09-14 17:11:58,598 INFO  [main] test.com.axisoft.collect.service.impl.ExcelGeneratorServiceImplTest : Started ExcelGeneratorServiceImplTest in 3.611 seconds (JVM running for 5.759)
2021-09-14 17:12:22,426 INFO  [SpringContextShutdownHook] org.springframework.scheduling.concurrent.ThreadPoolTaskExecutor : Shutting down ExecutorService 'applicationTaskExecutor'
2021-09-14 17:13:40,696 INFO  [main] test.com.axisoft.collect.service.impl.ExcelGeneratorServiceImplTest : Starting ExcelGeneratorServiceImplTest on Z-01P-00-0143 with PID 7480 (started by FaryHuo in C:\Users\faryhuo\Desktop\template\CollectHtmlData2Excel)
2021-09-14 17:13:40,696 INFO  [main] test.com.axisoft.collect.service.impl.ExcelGeneratorServiceImplTest : No active profile set, falling back to default profiles: default
2021-09-14 17:13:43,390 INFO  [main] org.springframework.scheduling.concurrent.ThreadPoolTaskExecutor : Initializing ExecutorService 'applicationTaskExecutor'
2021-09-14 17:13:43,575 INFO  [main] org.springframework.boot.autoconfigure.web.servlet.WelcomePageHandlerMapping : Adding welcome page: class path resource [static/index.html]
2021-09-14 17:13:43,860 INFO  [main] test.com.axisoft.collect.service.impl.ExcelGeneratorServiceImplTest : Started ExcelGeneratorServiceImplTest in 4.285 seconds (JVM running for 6.501)
2021-09-14 17:13:48,977 INFO  [SpringContextShutdownHook] org.springframework.scheduling.concurrent.ThreadPoolTaskExecutor : Shutting down ExecutorService 'applicationTaskExecutor'
2021-09-14 17:13:58,855 INFO  [main] test.com.axisoft.collect.service.impl.ExcelGeneratorServiceImplTest : Starting ExcelGeneratorServiceImplTest on Z-01P-00-0143 with PID 5732 (started by FaryHuo in C:\Users\faryhuo\Desktop\template\CollectHtmlData2Excel)
2021-09-14 17:13:58,857 INFO  [main] test.com.axisoft.collect.service.impl.ExcelGeneratorServiceImplTest : No active profile set, falling back to default profiles: default
2021-09-14 17:14:01,152 INFO  [main] org.springframework.scheduling.concurrent.ThreadPoolTaskExecutor : Initializing ExecutorService 'applicationTaskExecutor'
2021-09-14 17:14:01,284 INFO  [main] org.springframework.boot.autoconfigure.web.servlet.WelcomePageHandlerMapping : Adding welcome page: class path resource [static/index.html]
2021-09-14 17:14:01,514 INFO  [main] test.com.axisoft.collect.service.impl.ExcelGeneratorServiceImplTest : Started ExcelGeneratorServiceImplTest in 3.49 seconds (JVM running for 5.141)
2021-09-14 17:14:24,188 INFO  [SpringContextShutdownHook] org.springframework.scheduling.concurrent.ThreadPoolTaskExecutor : Shutting down ExecutorService 'applicationTaskExecutor'
2021-09-14 17:17:41,888 INFO  [main] test.com.axisoft.collect.service.impl.ExcelGeneratorServiceImplTest : Starting ExcelGeneratorServiceImplTest on Z-01P-00-0143 with PID 4004 (started by FaryHuo in C:\Users\faryhuo\Desktop\template\CollectHtmlData2Excel)
2021-09-14 17:17:41,888 INFO  [main] test.com.axisoft.collect.service.impl.ExcelGeneratorServiceImplTest : No active profile set, falling back to default profiles: default
2021-09-14 17:17:44,051 INFO  [main] org.springframework.scheduling.concurrent.ThreadPoolTaskExecutor : Initializing ExecutorService 'applicationTaskExecutor'
2021-09-14 17:17:44,204 INFO  [main] org.springframework.boot.autoconfigure.web.servlet.WelcomePageHandlerMapping : Adding welcome page: class path resource [static/index.html]
2021-09-14 17:17:44,436 INFO  [main] test.com.axisoft.collect.service.impl.ExcelGeneratorServiceImplTest : Started ExcelGeneratorServiceImplTest in 3.376 seconds (JVM running for 5.756)
2021-09-14 17:18:05,893 INFO  [SpringContextShutdownHook] org.springframework.scheduling.concurrent.ThreadPoolTaskExecutor : Shutting down ExecutorService 'applicationTaskExecutor'
2021-09-14 17:26:39,899 INFO  [main] test.com.axisoft.collect.service.impl.ExcelGeneratorServiceImplTest : Starting ExcelGeneratorServiceImplTest on Z-01P-00-0143 with PID 12948 (started by FaryHuo in C:\Users\faryhuo\Desktop\template\CollectHtmlData2Excel)
2021-09-14 17:26:39,921 INFO  [main] test.com.axisoft.collect.service.impl.ExcelGeneratorServiceImplTest : No active profile set, falling back to default profiles: default
2021-09-14 17:26:42,192 INFO  [main] org.springframework.scheduling.concurrent.ThreadPoolTaskExecutor : Initializing ExecutorService 'applicationTaskExecutor'
2021-09-14 17:26:42,362 INFO  [main] org.springframework.boot.autoconfigure.web.servlet.WelcomePageHandlerMapping : Adding welcome page: class path resource [static/index.html]
2021-09-14 17:26:42,682 INFO  [main] test.com.axisoft.collect.service.impl.ExcelGeneratorServiceImplTest : Started ExcelGeneratorServiceImplTest in 3.739 seconds (JVM running for 5.611)
2021-09-14 17:26:47,629 INFO  [SpringContextShutdownHook] org.springframework.scheduling.concurrent.ThreadPoolTaskExecutor : Shutting down ExecutorService 'applicationTaskExecutor'
2021-09-14 17:27:00,441 INFO  [main] test.com.axisoft.collect.service.impl.ExcelGeneratorServiceImplTest : Starting ExcelGeneratorServiceImplTest on Z-01P-00-0143 with PID 14384 (started by FaryHuo in C:\Users\faryhuo\Desktop\template\CollectHtmlData2Excel)
2021-09-14 17:27:00,441 INFO  [main] test.com.axisoft.collect.service.impl.ExcelGeneratorServiceImplTest : No active profile set, falling back to default profiles: default
2021-09-14 17:27:02,376 INFO  [main] org.springframework.scheduling.concurrent.ThreadPoolTaskExecutor : Initializing ExecutorService 'applicationTaskExecutor'
2021-09-14 17:27:02,492 INFO  [main] org.springframework.boot.autoconfigure.web.servlet.WelcomePageHandlerMapping : Adding welcome page: class path resource [static/index.html]
2021-09-14 17:27:02,762 INFO  [main] test.com.axisoft.collect.service.impl.ExcelGeneratorServiceImplTest : Started ExcelGeneratorServiceImplTest in 3.046 seconds (JVM running for 4.691)
2021-09-14 17:27:24,144 INFO  [SpringContextShutdownHook] org.springframework.scheduling.concurrent.ThreadPoolTaskExecutor : Shutting down ExecutorService 'applicationTaskExecutor'
